<?xml version="1.0" encoding="UTF-8"?>
<!-- Generated by org.testng.reporters.JUnitReportReporter -->
<testsuite hostname="idea-PC" failures="0" tests="3" name="saurabh.CashifyTest.LoginPageTest" time="21.553" errors="0" timestamp="12 May 2020 16:04:19 GMT" skipped="0">
  <testcase classname="saurabh.CashifyTest.LoginPageTest" name="logingIntoApp" time="17.156"/>
  <testcase classname="saurabh.CashifyTest.LoginPageTest" name="CloseTheApp" time="0.001"/>
  <testcase classname="saurabh.CashifyTest.LoginPageTest" name="DashboardClickItems" time="4.396"/>
</testsuite> <!-- saurabh.CashifyTest.LoginPageTest -->
