<?xml version="1.0" encoding="UTF-8"?>
<!-- Generated by org.testng.reporters.JUnitReportReporter -->
<testsuite skipped="0" hostname="idea-PC" name="saurabh.CashifyTest.NewTestClass" tests="1" failures="0" timestamp="06 May 2020 15:57:29 GMT" time="0.047" errors="0">
  <testcase name="f" time="0.047" classname="saurabh.CashifyTest.NewTestClass"/>
</testsuite> <!-- saurabh.CashifyTest.NewTestClass -->
